\BOOKMARK [1][-]{section.1}{\376\377\0001\000\040\000F\000u\000n\000d\000a\000m\000e\000n\000t\000o\000s\000\040\000T\000e\000\363\000r\000i\000c\000o\000s\000\040\000d\000e\000\040\000l\000a\000\040\000M\000u\000l\000t\000i\000c\000o\000l\000i\000n\000e\000a\000l\000i\000d\000a\000d}{}% 1
\BOOKMARK [2][-]{subsection.1.1}{\376\377\0001\000.\0001\000\040\000I\000n\000t\000r\000o\000d\000u\000c\000c\000i\000\363\000n\000\040\000y\000\040\000M\000o\000t\000i\000v\000a\000c\000i\000\363\000n}{section.1}% 2
\BOOKMARK [2][-]{subsection.1.2}{\376\377\0001\000.\0002\000\040\000C\000l\000a\000s\000i\000f\000i\000c\000a\000c\000i\000\363\000n\000\040\000d\000e\000\040\000l\000a\000\040\000M\000u\000l\000t\000i\000c\000o\000l\000i\000n\000e\000a\000l\000i\000d\000a\000d}{section.1}% 3
\BOOKMARK [3][-]{subsubsection.1.2.1}{\376\377\0001\000.\0002\000.\0001\000\040\000M\000u\000l\000t\000i\000c\000o\000l\000i\000n\000e\000a\000l\000i\000d\000a\000d\000\040\000P\000e\000r\000f\000e\000c\000t\000a}{subsection.1.2}% 4
\BOOKMARK [3][-]{subsubsection.1.2.2}{\376\377\0001\000.\0002\000.\0002\000\040\000M\000u\000l\000t\000i\000c\000o\000l\000i\000n\000e\000a\000l\000i\000d\000a\000d\000\040\000A\000p\000r\000o\000x\000i\000m\000a\000d\000a\000\040\000o\000\040\000I\000m\000p\000e\000r\000f\000e\000c\000t\000a}{subsection.1.2}% 5
\BOOKMARK [2][-]{subsection.1.3}{\376\377\0001\000.\0003\000\040\000C\000a\000u\000s\000a\000s\000\040\000d\000e\000\040\000l\000a\000\040\000M\000u\000l\000t\000i\000c\000o\000l\000i\000n\000e\000a\000l\000i\000d\000a\000d}{section.1}% 6
\BOOKMARK [1][-]{section.2}{\376\377\0002\000\040\000N\000o\000t\000a\000c\000i\000\363\000n\000\040\000M\000a\000t\000r\000i\000c\000i\000a\000l\000\040\000d\000e\000l\000\040\000M\000o\000d\000e\000l\000o\000\040\000d\000e\000\040\000R\000e\000g\000r\000e\000s\000i\000\363\000n}{}% 7
\BOOKMARK [2][-]{subsection.2.1}{\376\377\0002\000.\0001\000\040\000E\000s\000p\000e\000c\000i\000f\000i\000c\000a\000c\000i\000\363\000n\000\040\000G\000e\000n\000e\000r\000a\000l\000\040\000d\000e\000l\000\040\000M\000o\000d\000e\000l\000o}{section.2}% 8
\BOOKMARK [2][-]{subsection.2.2}{\376\377\0002\000.\0002\000\040\000L\000a\000\040\000M\000a\000t\000r\000i\000z\000\040\000d\000e\000\040\000I\000n\000f\000o\000r\000m\000a\000c\000i\000\363\000n}{section.2}% 9
\BOOKMARK [2][-]{subsection.2.3}{\376\377\0002\000.\0003\000\040\000E\000l\000\040\000E\000s\000t\000i\000m\000a\000d\000o\000r\000\040\000d\000e\000\040\000M\000\355\000n\000i\000m\000o\000s\000\040\000C\000u\000a\000d\000r\000a\000d\000o\000s\000\040\000O\000r\000d\000i\000n\000a\000r\000i\000o\000s}{section.2}% 10
\BOOKMARK [2][-]{subsection.2.4}{\376\377\0002\000.\0004\000\040\000V\000a\000l\000o\000r\000e\000s\000\040\000P\000r\000e\000d\000i\000c\000h\000o\000s\000\040\000y\000\040\000R\000e\000s\000i\000d\000u\000a\000l\000e\000s}{section.2}% 11
\BOOKMARK [1][-]{section.3}{\376\377\0003\000\040\000M\000a\000t\000r\000i\000z\000\040\000d\000e\000\040\000V\000a\000r\000i\000a\000n\000z\000a\000-\000C\000o\000v\000a\000r\000i\000a\000n\000z\000a\000\040\000y\000\040\000e\000l\000\040\000F\000e\000n\000\363\000m\000e\000n\000o\000\040\000d\000e\000\040\000E\000x\000p\000l\000o\000s\000i\000\363\000n\000\040\000d\000e\000\040\000V\000a\000r\000i\000a\000n\000z\000a}{}% 12
\BOOKMARK [2][-]{subsection.3.1}{\376\377\0003\000.\0001\000\040\000D\000e\000f\000i\000n\000i\000c\000i\000\363\000n\000\040\000y\000\040\000E\000s\000t\000r\000u\000c\000t\000u\000r\000a}{section.3}% 13
\BOOKMARK [2][-]{subsection.3.2}{\376\377\0003\000.\0002\000\040\000E\000x\000p\000a\000n\000s\000i\000\363\000n\000\040\000E\000x\000p\000l\000\355\000c\000i\000t\000a\000\040\000p\000a\000r\000a\000\040\000e\000l\000\040\000M\000o\000d\000e\000l\000o\000\040\000T\000r\000i\000v\000a\000r\000i\000a\000d\000o}{section.3}% 14
\BOOKMARK [2][-]{subsection.3.3}{\376\377\0003\000.\0003\000\040\000E\000l\000\040\000F\000e\000n\000\363\000m\000e\000n\000o\000\040\000d\000e\000\040\000`\000`\000E\000x\000p\000l\000o\000s\000i\000\363\000n\000\040\000d\000e\000\040\000V\000a\000r\000i\000a\000n\000z\000a\000'\000'}{section.3}% 15
\BOOKMARK [2][-]{subsection.3.4}{\376\377\0003\000.\0004\000\040\000A\000n\000\341\000l\000i\000s\000i\000s\000\040\000d\000e\000l\000\040\000F\000a\000c\000t\000o\000r\000\040\000d\000e\000\040\000I\000n\000f\000l\000a\000c\000i\000\363\000n}{section.3}% 16
\BOOKMARK [2][-]{subsection.3.5}{\376\377\0003\000.\0005\000\040\000E\000s\000t\000i\000m\000a\000c\000i\000\363\000n\000\040\000P\000r\000\341\000c\000t\000i\000c\000a}{section.3}% 17
\BOOKMARK [1][-]{section.4}{\376\377\0004\000\040\000D\000i\000a\000g\000n\000\363\000s\000t\000i\000c\000o\000s\000\040\000d\000e\000\040\000M\000u\000l\000t\000i\000c\000o\000l\000i\000n\000e\000a\000l\000i\000d\000a\000d}{}% 18
\BOOKMARK [2][-]{subsection.4.1}{\376\377\0004\000.\0001\000\040\000S\000\355\000n\000t\000o\000m\000a\000s\000\040\000O\000b\000s\000e\000r\000v\000a\000b\000l\000e\000s}{section.4}% 19
\BOOKMARK [3][-]{subsubsection.4.1.1}{\376\377\0004\000.\0001\000.\0001\000\040\000L\000a\000\040\000P\000a\000r\000a\000d\000o\000j\000a\000\040\000d\000e\000l\000\040\000R\0002\000\040\000A\000l\000t\000o\000\040\000c\000o\000n\000\040\000C\000o\000e\000f\000i\000c\000i\000e\000n\000t\000e\000s\000\040\000N\000o\000\040\000S\000i\000g\000n\000i\000f\000i\000c\000a\000t\000i\000v\000o\000s}{subsection.4.1}% 20
\BOOKMARK [3][-]{subsubsection.4.1.2}{\376\377\0004\000.\0001\000.\0002\000\040\000E\000x\000p\000l\000i\000c\000a\000c\000i\000\363\000n\000\040\000M\000a\000t\000e\000m\000\341\000t\000i\000c\000a}{subsection.4.1}% 21
\BOOKMARK [2][-]{subsection.4.2}{\376\377\0004\000.\0002\000\040\000F\000a\000c\000t\000o\000r\000\040\000d\000e\000\040\000I\000n\000f\000l\000a\000c\000i\000\363\000n\000\040\000d\000e\000\040\000V\000a\000r\000i\000a\000n\000z\000a\000\040\000\050\000F\000I\000V\000\051}{section.4}% 22
\BOOKMARK [3][-]{subsubsection.4.2.1}{\376\377\0004\000.\0002\000.\0001\000\040\000D\000e\000f\000i\000n\000i\000c\000i\000\363\000n\000\040\000y\000\040\000C\000\341\000l\000c\000u\000l\000o}{subsection.4.2}% 23
\BOOKMARK [3][-]{subsubsection.4.2.2}{\376\377\0004\000.\0002\000.\0002\000\040\000C\000r\000i\000t\000e\000r\000i\000o\000s\000\040\000d\000e\000\040\000D\000e\000c\000i\000s\000i\000\363\000n}{subsection.4.2}% 24
\BOOKMARK [2][-]{subsection.4.3}{\376\377\0004\000.\0003\000\040\000F\000a\000c\000t\000o\000r\000\040\000d\000e\000\040\000T\000o\000l\000e\000r\000a\000n\000c\000i\000a\000\040\000\050\000T\000O\000L\000\051}{section.4}% 25
\BOOKMARK [2][-]{subsection.4.4}{\376\377\0004\000.\0004\000\040\000T\000e\000s\000t\000\040\000d\000e\000\040\000F\000a\000r\000r\000a\000r\000-\000G\000l\000a\000u\000b\000e\000r}{section.4}% 26
\BOOKMARK [3][-]{subsubsection.4.4.1}{\376\377\0004\000.\0004\000.\0001\000\040\000E\000t\000a\000p\000a\000\040\0001\000:\000\040\000T\000e\000s\000t\000\040\000C\000h\000i\000-\000C\000u\000a\000d\000r\000a\000d\000o\000\040\000\050\000D\000e\000t\000e\000c\000c\000i\000\363\000n\000\040\000G\000l\000o\000b\000a\000l\000\051}{subsection.4.4}% 27
\BOOKMARK [3][-]{subsubsection.4.4.2}{\376\377\0004\000.\0004\000.\0002\000\040\000E\000t\000a\000p\000a\000\040\0002\000:\000\040\000T\000e\000s\000t\000\040\000F\000\040\000\050\000L\000o\000c\000a\000l\000i\000z\000a\000c\000i\000\363\000n\000\040\000d\000e\000\040\000V\000a\000r\000i\000a\000b\000l\000e\000s\000\040\000P\000r\000o\000b\000l\000e\000m\000\341\000t\000i\000c\000a\000s\000\051}{subsection.4.4}% 28
\BOOKMARK [3][-]{subsubsection.4.4.3}{\376\377\0004\000.\0004\000.\0003\000\040\000E\000t\000a\000p\000a\000\040\0003\000:\000\040\000T\000e\000s\000t\000\040\000t\000\040\000\050\000I\000d\000e\000n\000t\000i\000f\000i\000c\000a\000c\000i\000\363\000n\000\040\000d\000e\000\040\000P\000a\000r\000e\000s\000\040\000C\000o\000l\000i\000n\000e\000a\000l\000e\000s\000\051}{subsection.4.4}% 29
\BOOKMARK [2][-]{subsection.4.5}{\376\377\0004\000.\0005\000\040\000A\000n\000\341\000l\000i\000s\000i\000s\000\040\000d\000e\000\040\000V\000a\000l\000o\000r\000e\000s\000\040\000P\000r\000o\000p\000i\000o\000s}{section.4}% 30
\BOOKMARK [3][-]{subsubsection.4.5.1}{\376\377\0004\000.\0005\000.\0001\000\040\000D\000e\000s\000c\000o\000m\000p\000o\000s\000i\000c\000i\000\363\000n\000\040\000E\000s\000p\000e\000c\000t\000r\000a\000l}{subsection.4.5}% 31
\BOOKMARK [3][-]{subsubsection.4.5.2}{\376\377\0004\000.\0005\000.\0002\000\040\000N\000\372\000m\000e\000r\000o\000\040\000d\000e\000\040\000C\000o\000n\000d\000i\000c\000i\000\363\000n\000\040\000e\000\040\000\315\000n\000d\000i\000c\000e\000\040\000d\000e\000\040\000C\000o\000n\000d\000i\000c\000i\000\363\000n}{subsection.4.5}% 32
\BOOKMARK [1][-]{section.5}{\376\377\0005\000\040\000R\000e\000m\000e\000d\000i\000o\000s\000\040\000y\000\040\000S\000o\000l\000u\000c\000i\000o\000n\000e\000s\000\040\000p\000a\000r\000a\000\040\000l\000a\000\040\000M\000u\000l\000t\000i\000c\000o\000l\000i\000n\000e\000a\000l\000i\000d\000a\000d}{}% 33
\BOOKMARK [2][-]{subsection.5.1}{\376\377\0005\000.\0001\000\040\000F\000i\000l\000o\000s\000o\000f\000\355\000a\000\040\000G\000e\000n\000e\000r\000a\000l\000:\000\040\000\277\000A\000c\000t\000u\000a\000r\000\040\000o\000\040\000N\000o\000\040\000A\000c\000t\000u\000a\000r\000?}{section.5}% 34
\BOOKMARK [1][-]{appendix.Alph1}{\376\377\000A\000\040\000T\000a\000b\000l\000a\000s\000\040\000E\000s\000t\000a\000d\000\355\000s\000t\000i\000c\000a\000s}{}% 35
\BOOKMARK [2][-]{subsection.Alph1.1}{\376\377\000A\000.\0001\000\040\000D\000i\000s\000t\000r\000i\000b\000u\000c\000i\000\363\000n\000\040\000C\000h\000i\000-\000C\000u\000a\000d\000r\000a\000d\000o}{appendix.Alph1}% 36
\BOOKMARK [1][-]{appendix.Alph2}{\376\377\000B\000\040\000C\000\363\000d\000i\000g\000o\000\040\000R\000\040\000p\000a\000r\000a\000\040\000D\000i\000a\000g\000n\000\363\000s\000t\000i\000c\000o\000s}{}% 37
